<?xml version="1.0" encoding="UTF-8"?>
<!-- Generated by org.testng.reporters.JUnitReportReporter -->
<testsuite hostname="Emtiaz-Surface" name="com.corp.Utility.SConfigSupport" tests="1" failures="0" timestamp="13 Jan 2017 04:22:50 GMT" time="0.243" errors="0">
  <testcase name="database" time="0.243" classname="com.corp.Utility.SConfigSupport"/>
</testsuite> <!-- com.corp.Utility.SConfigSupport -->
